<?xml version="1.0" encoding="UTF-8"?>
<!-- Generated by org.testng.reporters.JUnitXMLReporter -->
<testsuite hostname="LAPTOP-769CRJCU" ignored="0" name="Default test" tests="3" failures="0" timestamp="10 Feb 2020 20:07:06 GMT" time="13.94" errors="0">
  <testcase name="loginTest" time="1.434" classname="com.salesforce.qa.testcases.LoginPageTest"/>
  <testcase name="loginPageUrlTest" time="0.043" classname="com.salesforce.qa.testcases.LoginPageTest"/>
  <testcase name="loginPageTitileTest" time="0.035" classname="com.salesforce.qa.testcases.LoginPageTest"/>
</testsuite> <!-- Default test -->
