<?xml version="1.0" encoding="UTF-8"?>
<!-- Generated by org.testng.reporters.JUnitXMLReporter -->
<testsuite hostname="LAPTOP-769CRJCU" ignored="0" name="Default test" tests="3" failures="0" timestamp="10 Feb 2020 21:54:17 GMT" time="16.105" errors="0">
  <testcase name="loginTest" time="0.978" classname="com.salesforce.qa.testcases.LoginPageTest"/>
  <testcase name="loginPageUrlTest" time="0.011" classname="com.salesforce.qa.testcases.LoginPageTest"/>
  <testcase name="loginPageTitileTest" time="0.011" classname="com.salesforce.qa.testcases.LoginPageTest"/>
</testsuite> <!-- Default test -->
