<?xml version="1.0" encoding="UTF-8"?>
<testng-results skipped="0" failed="0" ignored="0" total="3" passed="3">
  <reporter-output>
  </reporter-output>
  <suite name="Default suite" duration-ms="13940" started-at="2020-02-10T20:06:52Z" finished-at="2020-02-10T20:07:06Z">
    <groups>
    </groups>
    <test name="Default test" duration-ms="13940" started-at="2020-02-10T20:06:52Z" finished-at="2020-02-10T20:07:06Z">
      <class name="com.salesforce.qa.testcases.LoginPageTest">
        <test-method status="PASS" signature="initialization()[pri:0, instance:com.salesforce.qa.testcases.LoginPageTest@68c4039c]" name="initialization" is-config="true" duration-ms="11602" started-at="2020-02-10T20:06:52Z" finished-at="2020-02-10T20:07:04Z">
          <reporter-output>
          </reporter-output>
        </test-method> <!-- initialization -->
        <test-method status="PASS" signature="loginTest()[pri:1, instance:com.salesforce.qa.testcases.LoginPageTest@68c4039c]" name="loginTest" duration-ms="1434" started-at="2020-02-10T20:07:04Z" finished-at="2020-02-10T20:07:05Z">
          <reporter-output>
          </reporter-output>
        </test-method> <!-- loginTest -->
        <test-method status="PASS" signature="loginPageUrlTest()[pri:2, instance:com.salesforce.qa.testcases.LoginPageTest@68c4039c]" name="loginPageUrlTest" duration-ms="43" started-at="2020-02-10T20:07:05Z" finished-at="2020-02-10T20:07:05Z">
          <reporter-output>
          </reporter-output>
        </test-method> <!-- loginPageUrlTest -->
        <test-method status="PASS" signature="loginPageTitileTest()[pri:3, instance:com.salesforce.qa.testcases.LoginPageTest@68c4039c]" name="loginPageTitileTest" duration-ms="35" started-at="2020-02-10T20:07:06Z" finished-at="2020-02-10T20:07:06Z">
          <reporter-output>
          </reporter-output>
        </test-method> <!-- loginPageTitileTest -->
        <test-method status="PASS" signature="teardown()[pri:0, instance:com.salesforce.qa.testcases.LoginPageTest@68c4039c]" name="teardown" is-config="true" duration-ms="761" started-at="2020-02-10T20:07:06Z" finished-at="2020-02-10T20:07:06Z">
          <reporter-output>
          </reporter-output>
        </test-method> <!-- teardown -->
      </class> <!-- com.salesforce.qa.testcases.LoginPageTest -->
    </test> <!-- Default test -->
  </suite> <!-- Default suite -->
</testng-results>
