<?xml version="1.0" encoding="UTF-8"?>
<!-- Generated by org.testng.reporters.JUnitXMLReporter -->
<testsuite hostname="LAPTOP-769CRJCU" ignored="0" name="Functional Test" tests="3" failures="0" timestamp="13 Feb 2020 04:38:30 GMT" time="17.767" errors="0">
  <testcase name="loginTest" time="1.272" classname="com.salesforce.qa.testcases.LoginPageTest"/>
  <testcase name="loginPageUrlTest" time="0.03" classname="com.salesforce.qa.testcases.LoginPageTest"/>
  <testcase name="loginPageTitileTest" time="0.022" classname="com.salesforce.qa.testcases.LoginPageTest"/>
</testsuite> <!-- Functional Test -->
